<?xml version="1.0" encoding="UTF-8"?>
<!-- Generated by org.testng.reporters.JUnitXMLReporter -->
<testsuite hostname="ELDEN-QA6L" failures="0" tests="1" name="Test" time="0.312" errors="0" timestamp="31 Jul 2022 19:02:04 GMT">
  <testcase classname="org.Test.TestingScripts.TC1" name="@BeforeMethod openBrowser" time="0.0">
    <failure type="java.lang.IllegalArgumentException" message="String input must not be null">
      <![CDATA[java.lang.IllegalArgumentException: String input must not be null
	at org.jsoup.helper.Validate.notNull(Validate.java:26)
	at org.jsoup.parser.TreeBuilder.initialiseParse(TreeBuilder.java:26)
	at org.jsoup.parser.TreeBuilder.parse(TreeBuilder.java:42)
	at org.jsoup.parser.HtmlTreeBuilder.parse(HtmlTreeBuilder.java:53)
	at org.jsoup.parser.Parser.parse(Parser.java:89)
	at org.jsoup.Jsoup.parse(Jsoup.java:58)
	at com.relevantcodes.extentreports.converters.TestConverter.<init>(TestConverter.java:144)
	at com.relevantcodes.extentreports.ExtentReports.<init>(ExtentReports.java:92)
	at com.relevantcodes.extentreports.ExtentReports.<init>(ExtentReports.java:375)
	at org.Test.Base.BaseClass.openBrowser(BaseClass.java:33)
... Removed 26 stack frames]]>
    </failure>
  </testcase> <!-- @BeforeMethod openBrowser -->
  <testcase classname="org.Test.TestingScripts.TC1" name="@AfterMethod closeBrowser" time="0.0">
    <skipped/>
  </testcase> <!-- @AfterMethod closeBrowser -->
  <testcase classname="org.Test.TestingScripts.TC1" name="trendingVedios" time="0.001">
    <skipped/>
  </testcase> <!-- trendingVedios -->
</testsuite> <!-- Test -->
