<?xml version="1.0" encoding="UTF-8"?>
<testng-results total="1" passed="1" failed="0" skipped="0">
  <reporter-output>
  </reporter-output>
  <suite started-at="2022-07-14T09:25:56Z" name="Default suite" finished-at="2022-07-14T09:26:18Z" duration-ms="21380">
    <groups>
    </groups>
    <test started-at="2022-07-14T09:25:56Z" name="Default test" finished-at="2022-07-14T09:26:18Z" duration-ms="21380">
      <class name="org.Test.TestingScripts.TC4">
        <test-method is-config="true" signature="openBrowser()[pri:0, instance:org.Test.TestingScripts.TC4@2a448449]" started-at="2022-07-14T14:55:56Z" name="openBrowser" finished-at="2022-07-14T14:56:02Z" duration-ms="6024" status="PASS">
          <reporter-output>
          </reporter-output>
        </test-method> <!-- openBrowser -->
        <test-method signature="playVedio()[pri:0, instance:org.Test.TestingScripts.TC4@2a448449]" started-at="2022-07-14T14:56:02Z" name="playVedio" finished-at="2022-07-14T14:56:17Z" duration-ms="14145" status="PASS">
          <reporter-output>
          </reporter-output>
        </test-method> <!-- playVedio -->
        <test-method is-config="true" signature="closeBrowser()[pri:0, instance:org.Test.TestingScripts.TC4@2a448449]" started-at="2022-07-14T14:56:17Z" name="closeBrowser" finished-at="2022-07-14T14:56:18Z" duration-ms="1205" status="PASS">
          <reporter-output>
          </reporter-output>
        </test-method> <!-- closeBrowser -->
      </class> <!-- org.Test.TestingScripts.TC4 -->
    </test> <!-- Default test -->
  </suite> <!-- Default suite -->
</testng-results>
